[    0.000000] Linux version 4.15.0-96-generic (buildd@lgw01-amd64-004) (gcc version 7.5.0 (Ubuntu 7.5.0-3ubuntu1~18.04)) #97-Ubuntu SMP Wed Apr 1 03:25:46 UTC 2020 (Ubuntu 4.15.0-96.97-generic 4.15.18)
[    0.000000] Command line: BOOT_IMAGE=/boot/vmlinuz-4.15.0-96-generic root=LABEL=cloudimg-rootfs ro console=tty1 console=ttyS0
[    0.000000] KERNEL supported cpus:
[    0.000000]   Intel GenuineIntel
[    0.000000]   AMD AuthenticAMD
[    0.000000]   Centaur CentaurHauls
[    0.000000] x86/fpu: Supporting XSAVE feature 0x001: 'x87 floating point registers'
[    0.000000] x86/fpu: Supporting XSAVE feature 0x002: 'SSE registers'
[    0.000000] x86/fpu: Supporting XSAVE feature 0x004: 'AVX registers'
[    0.000000] x86/fpu: xstate_offset[2]:  576, xstate_sizes[2]:  256
[    0.000000] x86/fpu: Enabled xstate features 0x7, context size is 832 bytes, using 'standard' format.
[    0.000000] e820: BIOS-provided physical RAM map:
[    0.000000] BIOS-e820: [mem 0x0000000000000000-0x000000000009fbff] usable
[    0.000000] BIOS-e820: [mem 0x000000000009fc00-0x000000000009ffff] reserved
[    0.000000] BIOS-e820: [mem 0x00000000000f0000-0x00000000000fffff] reserved
[    0.000000] BIOS-e820: [mem 0x0000000000100000-0x000000003ffeffff] usable
[    0.000000] BIOS-e820: [mem 0x000000003fff0000-0x000000003fffffff] ACPI data
[    0.000000] BIOS-e820: [mem 0x00000000fec00000-0x00000000fec00fff] reserved
[    0.000000] BIOS-e820: [mem 0x00000000fee00000-0x00000000fee00fff] reserved
[    0.000000] BIOS-e820: [mem 0x00000000fffc0000-0x00000000ffffffff] reserved
[    0.000000] NX (Execute Disable) protection: active
[    0.000000] SMBIOS 2.5 present.
[    0.000000] DMI: innotek GmbH VirtualBox/VirtualBox, BIOS VirtualBox 12/01/2006
[    0.000000] Hypervisor detected: KVM
[    0.000000] e820: last_pfn = 0x3fff0 max_arch_pfn = 0x400000000
[    0.000000] MTRR: Disabled
[    0.000000] x86/PAT: MTRRs disabled, skipping PAT initialization too.
[    0.000000] CPU MTRRs all blank - virtualized system.
[    0.000000] x86/PAT: Configuration [0-7]: WB  WT  UC- UC  WB  WT  UC- UC  
[    0.000000] found SMP MP-table at [mem 0x0009fff0-0x0009ffff]
[    0.000000] Scanning 1 areas for low memory corruption
[    0.000000] RAMDISK: [mem 0x35a6f000-0x36d2efff]
[    0.000000] ACPI: Early table checksum verification disabled
[    0.000000] ACPI: RSDP 0x00000000000E0000 000024 (v02 VBOX  )
[    0.000000] ACPI: XSDT 0x000000003FFF0030 00003C (v01 VBOX   VBOXXSDT 00000001 ASL  00000061)
[    0.000000] ACPI: FACP 0x000000003FFF00F0 0000F4 (v04 VBOX   VBOXFACP 00000001 ASL  00000061)
[    0.000000] ACPI: DSDT 0x000000003FFF0470 0022EA (v02 VBOX   VBOXBIOS 00000002 INTL 20100528)
[    0.000000] ACPI: FACS 0x000000003FFF0200 000040
[    0.000000] ACPI: FACS 0x000000003FFF0200 000040
[    0.000000] ACPI: APIC 0x000000003FFF0240 00005C (v02 VBOX   VBOXAPIC 00000001 ASL  00000061)
[    0.000000] ACPI: SSDT 0x000000003FFF02A0 0001CC (v01 VBOX   VBOXCPUT 00000002 INTL 20100528)
[    0.000000] No NUMA configuration found
[    0.000000] Faking a node at [mem 0x0000000000000000-0x000000003ffeffff]
[    0.000000] NODE_DATA(0) allocated [mem 0x3ffc5000-0x3ffeffff]
[    0.000000] kvm-clock: cpu 0, msr 0:3ff44001, primary cpu clock
[    0.000000] kvm-clock: Using msrs 4b564d01 and 4b564d00
[    0.000000] kvm-clock: using sched offset of 9484956101 cycles
[    0.000000] clocksource: kvm-clock: mask: 0xffffffffffffffff max_cycles: 0x1cd42e4dffb, max_idle_ns: 881590591483 ns
[    0.000000] Zone ranges:
[    0.000000]   DMA      [mem 0x0000000000001000-0x0000000000ffffff]
[    0.000000]   DMA32    [mem 0x0000000001000000-0x000000003ffeffff]
[    0.000000]   Normal   empty
[    0.000000]   Device   empty
[    0.000000] Movable zone start for each node
[    0.000000] Early memory node ranges
[    0.000000]   node   0: [mem 0x0000000000001000-0x000000000009efff]
[    0.000000]   node   0: [mem 0x0000000000100000-0x000000003ffeffff]
[    0.000000] Reserved but unavailable: 98 pages
[    0.000000] Initmem setup node 0 [mem 0x0000000000001000-0x000000003ffeffff]
[    0.000000] ACPI: PM-Timer IO Port: 0x4008
[    0.000000] IOAPIC[0]: apic_id 2, version 32, address 0xfec00000, GSI 0-23
[    0.000000] ACPI: INT_SRC_OVR (bus 0 bus_irq 0 global_irq 2 dfl dfl)
[    0.000000] ACPI: INT_SRC_OVR (bus 0 bus_irq 9 global_irq 9 low level)
[    0.000000] Using ACPI (MADT) for SMP configuration information
[    0.000000] smpboot: Allowing 2 CPUs, 0 hotplug CPUs
[    0.000000] PM: Registered nosave memory: [mem 0x00000000-0x00000fff]
[    0.000000] PM: Registered nosave memory: [mem 0x0009f000-0x0009ffff]
[    0.000000] PM: Registered nosave memory: [mem 0x000a0000-0x000effff]
[    0.000000] PM: Registered nosave memory: [mem 0x000f0000-0x000fffff]
[    0.000000] e820: [mem 0x40000000-0xfebfffff] available for PCI devices
[    0.000000] Booting paravirtualized kernel on KVM
[    0.000000] clocksource: refined-jiffies: mask: 0xffffffff max_cycles: 0xffffffff, max_idle_ns: 7645519600211568 ns
[    0.000000] random: get_random_bytes called from start_kernel+0x99/0x4fd with crng_init=0
[    0.000000] setup_percpu: NR_CPUS:8192 nr_cpumask_bits:2 nr_cpu_ids:2 nr_node_ids:1
[    0.000000] percpu: Embedded 45 pages/cpu s147456 r8192 d28672 u1048576
[    0.000000] PV qspinlock hash table entries: 256 (order: 0, 4096 bytes)
[    0.000000] Built 1 zonelists, mobility grouping on.  Total pages: 257913
[    0.000000] Policy zone: DMA32
[    0.000000] Kernel command line: BOOT_IMAGE=/boot/vmlinuz-4.15.0-96-generic root=LABEL=cloudimg-rootfs ro console=tty1 console=ttyS0
[    0.000000] Memory: 983068K/1048120K available (12300K kernel code, 2481K rwdata, 4264K rodata, 2432K init, 2712K bss, 65052K reserved, 0K cma-reserved)
[    0.000000] SLUB: HWalign=64, Order=0-3, MinObjects=0, CPUs=2, Nodes=1
[    0.000000] Kernel/User page tables isolation: enabled
[    0.000000] ftrace: allocating 39351 entries in 154 pages
[    0.004000] Hierarchical RCU implementation.
[    0.004000] 	RCU restricting CPUs from NR_CPUS=8192 to nr_cpu_ids=2.
[    0.004000] 	Tasks RCU enabled.
[    0.004000] RCU: Adjusting geometry for rcu_fanout_leaf=16, nr_cpu_ids=2
[    0.004000] NR_IRQS: 524544, nr_irqs: 440, preallocated irqs: 16
[    0.004000] Console: colour VGA+ 80x25
[    0.004000] console [tty1] enabled
[    0.004000] console [ttyS0] enabled
[    0.004000] ACPI: Core revision 20170831
[    0.004000] ACPI: 2 ACPI AML tables successfully acquired and loaded
[    0.004000] APIC: Switch to symmetric I/O mode setup
[    0.004000] x2apic enabled
[    0.004015] Switched APIC routing to physical x2apic.
[    0.012000] ..TIMER: vector=0x30 apic1=0 pin1=2 apic2=-1 pin2=-1
[    0.012033] tsc: Detected 2294.688 MHz processor
[    0.016019] Calibrating delay loop (skipped) preset value.. 4589.37 BogoMIPS (lpj=9178752)
[    0.020011] pid_max: default: 32768 minimum: 301
[    0.024122] Security Framework initialized
[    0.028008] Yama: becoming mindful.
[    0.030188] AppArmor: AppArmor initialized
[    0.040136] Dentry cache hash table entries: 131072 (order: 8, 1048576 bytes)
[    0.044160] Inode-cache hash table entries: 65536 (order: 7, 524288 bytes)
[    0.048035] Mount-cache hash table entries: 2048 (order: 2, 16384 bytes)
[    0.052028] Mountpoint-cache hash table entries: 2048 (order: 2, 16384 bytes)
[    0.056863] Last level iTLB entries: 4KB 1024, 2MB 1024, 4MB 1024
[    0.060008] Last level dTLB entries: 4KB 1024, 2MB 1024, 4MB 1024, 1GB 4
[    0.064010] Spectre V1 : Mitigation: usercopy/swapgs barriers and __user pointer sanitization
[    0.068009] Spectre V2 : Mitigation: Full generic retpoline
[    0.072010] Spectre V2 : Spectre v2 / SpectreRSB mitigation: Filling RSB on context switch
[    0.076008] Speculative Store Bypass: Vulnerable
[    0.080068] MDS: Vulnerable: Clear CPU buffers attempted, no microcode
[    0.084636] Freeing SMP alternatives memory: 36K
[    0.200168] smpboot: CPU0: Intel(R) Core(TM) i5-4200U CPU @ 1.60GHz (family: 0x6, model: 0x45, stepping: 0x1)
[    0.204222] Performance Events: unsupported p6 CPU model 69 no PMU driver, software events only.
[    0.208116] Hierarchical SRCU implementation.
[    0.213513] NMI watchdog: Perf event create on CPU 0 failed with -2
[    0.216009] NMI watchdog: Perf NMI watchdog permanently disabled
[    0.220163] smp: Bringing up secondary CPUs ...
[    0.224331] x86: Booting SMP configuration:
[    0.228009] .... node  #0, CPUs:      #1
[    0.004000] kvm-clock: cpu 1, msr 0:3ff44041, secondary cpu clock
[    0.236059] smp: Brought up 1 node, 2 CPUs
[    0.238484] smpboot: Max logical packages: 1
[    0.240043] smpboot: Total of 2 processors activated (9178.75 BogoMIPS)
[    0.244363] devtmpfs: initialized
[    0.246244] x86/mm: Memory block size: 128MB
[    0.248763] evm: security.selinux
[    0.252008] evm: security.SMACK64
[    0.254106] evm: security.SMACK64EXEC
[    0.256008] evm: security.SMACK64TRANSMUTE
[    0.258465] evm: security.SMACK64MMAP
[    0.260006] evm: security.apparmor
[    0.264009] evm: security.ima
[    0.265856] evm: security.capability
[    0.268368] clocksource: jiffies: mask: 0xffffffff max_cycles: 0xffffffff, max_idle_ns: 7645041785100000 ns
[    0.272048] futex hash table entries: 512 (order: 3, 32768 bytes)
[    0.304014] pinctrl core: initialized pinctrl subsystem
[    0.308354] RTC time: 17:43:45, date: 06/23/20
[    0.312178] NET: Registered protocol family 16
[    0.315182] audit: initializing netlink subsys (disabled)
[    0.316080] audit: type=2000 audit(1592934236.690:1): state=initialized audit_enabled=0 res=1
[    0.320019] cpuidle: using governor ladder
[    0.324025] cpuidle: using governor menu
[    0.328214] ACPI: bus type PCI registered
[    0.330655] acpiphp: ACPI Hot Plug PCI Controller Driver version: 0.5
[    0.332359] PCI: Using configuration type 1 for base access
[    0.344115] HugeTLB registered 2.00 MiB page size, pre-allocated 0 pages
[    0.348238] ACPI: Added _OSI(Module Device)
[    0.350750] ACPI: Added _OSI(Processor Device)
[    0.352025] ACPI: Added _OSI(3.0 _SCP Extensions)
[    0.356012] ACPI: Added _OSI(Processor Aggregator Device)
[    0.359216] ACPI: Added _OSI(Linux-Dell-Video)
[    0.360013] ACPI: Added _OSI(Linux-Lenovo-NV-HDMI-Audio)
[    0.364011] ACPI: Added _OSI(Linux-HPI-Hybrid-Graphics)
[    0.368934] ACPI: Executed 1 blocks of module-level executable AML code
[    0.393309] ACPI: Interpreter enabled
[    0.395578] ACPI: (supports S0 S5)
[    0.396011] ACPI: Using IOAPIC for interrupt routing
[    0.401192] PCI: Using host bridge windows from ACPI; if necessary, use "pci=nocrs" and report a bug
[    0.404797] ACPI: Enabled 2 GPEs in block 00 to 07
[    0.443477] ACPI: PCI Root Bridge [PCI0] (domain 0000 [bus 00-ff])
[    0.444028] acpi PNP0A03:00: _OSC: OS supports [ASPM ClockPM Segments MSI]
[    0.454012] acpi PNP0A03:00: _OSC: not requesting OS control; OS requires [ExtendedConfig ASPM ClockPM MSI]
[    0.456135] acpi PNP0A03:00: fail to add MMCONFIG information, can't access extended PCI configuration space under this bridge.
[    0.461141] PCI host bridge to bus 0000:00
[    0.464025] pci_bus 0000:00: root bus resource [io  0x0000-0x0cf7 window]
[    0.468016] pci_bus 0000:00: root bus resource [io  0x0d00-0xffff window]
[    0.472012] pci_bus 0000:00: root bus resource [mem 0x000a0000-0x000bffff window]
[    0.476016] pci_bus 0000:00: root bus resource [mem 0x40000000-0xfdffffff window]
[    0.480016] pci_bus 0000:00: root bus resource [bus 00-ff]
[    0.490092] pci 0000:00:01.1: legacy IDE quirk: reg 0x10: [io  0x01f0-0x01f7]
[    0.492014] pci 0000:00:01.1: legacy IDE quirk: reg 0x14: [io  0x03f6]
[    0.496013] pci 0000:00:01.1: legacy IDE quirk: reg 0x18: [io  0x0170-0x0177]
[    0.500014] pci 0000:00:01.1: legacy IDE quirk: reg 0x1c: [io  0x0376]
[    0.541972] pci 0000:00:07.0: quirk: [io  0x4000-0x403f] claimed by PIIX4 ACPI
[    0.544062] pci 0000:00:07.0: quirk: [io  0x4100-0x410f] claimed by PIIX4 SMB
[    0.567180] ACPI: PCI Interrupt Link [LNKA] (IRQs 5 9 10 *11)
[    0.572370] ACPI: PCI Interrupt Link [LNKB] (IRQs 5 9 *10 11)
[    0.576393] ACPI: PCI Interrupt Link [LNKC] (IRQs 5 *9 10 11)
[    0.580389] ACPI: PCI Interrupt Link [LNKD] (IRQs 5 9 10 *11)
[    0.585134] SCSI subsystem initialized
[    0.588098] pci 0000:00:02.0: vgaarb: setting as boot VGA device
[    0.591437] pci 0000:00:02.0: vgaarb: VGA device added: decodes=io+mem,owns=io+mem,locks=none
[    0.592021] pci 0000:00:02.0: vgaarb: bridge control possible
[    0.596009] vgaarb: loaded
[    0.597871] ACPI: bus type USB registered
[    0.600000] usbcore: registered new interface driver usbfs
[    0.600054] usbcore: registered new interface driver hub
[    0.603252] usbcore: registered new device driver usb
[    0.604181] EDAC MC: Ver: 3.0.0
[    0.608672] PCI: Using ACPI for IRQ routing
[    0.612616] NetLabel: Initializing
[    0.614733] NetLabel:  domain hash size = 128
[    0.616010] NetLabel:  protocols = UNLABELED CIPSOv4 CALIPSO
[    0.620060] NetLabel:  unlabeled traffic allowed by default
[    0.624254] clocksource: Switched to clocksource kvm-clock
[    0.833620] VFS: Disk quotas dquot_6.6.0
[    0.835989] VFS: Dquot-cache hash table entries: 512 (order 0, 4096 bytes)
[    0.841072] AppArmor: AppArmor Filesystem Enabled
[    0.843935] pnp: PnP ACPI init
[    0.850485] pnp: PnP ACPI: found 3 devices
[    0.868076] clocksource: acpi_pm: mask: 0xffffff max_cycles: 0xffffff, max_idle_ns: 2085701024 ns
[    0.873361] NET: Registered protocol family 2
[    0.876540] TCP established hash table entries: 8192 (order: 4, 65536 bytes)
[    0.880560] TCP bind hash table entries: 8192 (order: 5, 131072 bytes)
[    0.935858] TCP: Hash tables configured (established 8192 bind 8192)
[    0.939566] UDP hash table entries: 512 (order: 2, 16384 bytes)
[    0.943002] UDP-Lite hash table entries: 512 (order: 2, 16384 bytes)
[    0.946728] NET: Registered protocol family 1
[    0.949383] pci 0000:00:00.0: Limiting direct PCI/PCI transfers
[    0.952910] pci 0000:00:01.0: Activating ISA DMA hang workarounds
[    0.956578] pci 0000:00:02.0: Video device with shadowed ROM at [mem 0x000c0000-0x000dffff]
[    0.961758] Unpacking initramfs...
[    3.169784] Freeing initrd memory: 19200K
[    3.172510] clocksource: tsc: mask: 0xffffffffffffffff max_cycles: 0x21139aef754, max_idle_ns: 440795211890 ns
[    3.178591] platform rtc_cmos: registered platform RTC device (no PNP device found)
[    3.183359] Scanning for low memory corruption every 60 seconds
[    3.188688] Initialise system trusted keyrings
[    3.191295] Key type blacklist registered
[    3.193874] workingset: timestamp_bits=36 max_order=18 bucket_order=0
[    3.202297] zbud: loaded
[    3.205418] squashfs: version 4.0 (2009/01/31) Phillip Lougher
[    3.209496] fuse init (API version 7.26)
[    3.217840] Key type asymmetric registered
[    3.220501] Asymmetric key parser 'x509' registered
[    3.223458] Block layer SCSI generic (bsg) driver version 0.4 loaded (major 246)
[    3.227798] io scheduler noop registered
[    3.230112] io scheduler deadline registered
[    3.233035] io scheduler cfq registered (default)
[    3.236622] ACPI: AC Adapter [AC] (on-line)
[    3.239176] input: Power Button as /devices/LNXSYSTM:00/LNXPWRBN:00/input/input0
[    3.243566] ACPI: Power Button [PWRF]
[    3.246114] input: Sleep Button as /devices/LNXSYSTM:00/LNXSLPBN:00/input/input1
[    3.250518] ACPI: Sleep Button [SLPF]
[    3.257072] ACPI: Battery Slot [BAT0] (battery present)
[    3.260395] Serial: 8250/16550 driver, 32 ports, IRQ sharing enabled
[    3.286766] 00:02: ttyS0 at I/O 0x3f8 (irq = 4, base_baud = 115200) is a 16550A
[    3.300778] Linux agpgart interface v0.103
[    3.307694] loop: module loaded
[    3.311415] scsi host0: ata_piix
[    3.313771] scsi host1: ata_piix
[    3.316245] ata1: PATA max UDMA/33 cmd 0x1f0 ctl 0x3f6 bmdma 0xd000 irq 14
[    3.320113] ata2: PATA max UDMA/33 cmd 0x170 ctl 0x376 bmdma 0xd008 irq 15
[    3.324585] libphy: Fixed MDIO Bus: probed
[    3.326937] tun: Universal TUN/TAP device driver, 1.6
[    3.329955] PPP generic driver version 2.4.2
[    3.333011] ehci_hcd: USB 2.0 'Enhanced' Host Controller (EHCI) Driver
[    3.337139] ehci-pci: EHCI PCI platform driver
[    3.340058] ehci-platform: EHCI generic platform driver
[    3.343524] ohci_hcd: USB 1.1 'Open' Host Controller (OHCI) Driver
[    3.347397] ohci-pci: OHCI PCI platform driver
[    3.350382] ohci-platform: OHCI generic platform driver
[    3.353671] uhci_hcd: USB Universal Host Controller Interface driver
[    3.357905] i8042: PNP: PS/2 Controller [PNP0303:PS2K,PNP0f03:PS2M] at 0x60,0x64 irq 1,12
[    3.363823] serio: i8042 KBD port at 0x60,0x64 irq 1
[    3.366818] serio: i8042 AUX port at 0x60,0x64 irq 12
[    3.370111] mousedev: PS/2 mouse device common for all mice
[    3.374859] input: AT Translated Set 2 keyboard as /devices/platform/i8042/serio0/input/input2
[    3.379984] rtc_cmos rtc_cmos: rtc core: registered rtc_cmos as rtc0
[    3.383773] rtc_cmos rtc_cmos: alarms up to one day, 114 bytes nvram
[    3.387508] i2c /dev entries driver
[    3.389768] device-mapper: uevent: version 1.0.3
[    3.392580] device-mapper: ioctl: 4.37.0-ioctl (2017-09-20) initialised: dm-devel@redhat.com
[    3.397276] ledtrig-cpu: registered to indicate activity on CPUs
[    3.401940] NET: Registered protocol family 10
[    3.414892] Segment Routing with IPv6
[    3.417482] NET: Registered protocol family 17
[    3.420652] Key type dns_resolver registered
[    3.424034] mce: Using 0 MCE banks
[    3.426150] RAS: Correctable Errors collector initialized.
[    3.429091] sched_clock: Marking stable (3429044924, 0)->(4159373797, -730328873)
[    3.434308] registered taskstats version 1
[    3.436649] Loading compiled-in X.509 certificates
[    3.445939] Loaded X.509 cert 'Build time autogenerated kernel key: 244b473b43e18b01f00e37a87f2ecd28620f0244'
[    3.451317] zswap: loaded using pool lzo/zbud
[    3.462307] Key type big_key registered
[    3.464948] Key type trusted registered
[    3.471387] Key type encrypted registered
[    3.473781] AppArmor: AppArmor sha1 policy hashing enabled
[    3.476743] ima: No TPM chip found, activating TPM-bypass! (rc=-19)
[    3.480687] ima: Allocated hash algorithm: sha1
[    3.483329] evm: HMAC attrs: 0x1
[    3.485867]   Magic number: 8:217:745
[    3.488257] rtc_cmos rtc_cmos: setting system clock to 2020-06-23 17:43:48 UTC (1592934228)
[    3.493046] BIOS EDD facility v0.16 2004-Jun-25, 0 devices found
[    3.496767] EDD information not available.
[    3.517304] Freeing unused kernel image memory: 2432K
[    3.544504] Write protecting the kernel read-only data: 20480k
[    3.549473] Freeing unused kernel image memory: 2008K
[    3.553008] Freeing unused kernel image memory: 1880K
[    3.615816] x86/mm: Checked W+X mappings: passed, no W+X pages found.
[    3.619370] x86/mm: Checking user space page tables
[    3.680754] x86/mm: Checked W+X mappings: passed, no W+X pages found.
Loading, please wait...
starting version 237
[    3.939839] Fusion MPT base driver 3.04.20
[    3.942305] Copyright (c) 1999-2008 LSI Corporation
[    3.948977] e1000: Intel(R) PRO/1000 Network Driver - version 7.3.21-k8-NAPI
[    3.953197] e1000: Copyright (c) 1999-2006 Intel Corporation.
[    3.981292] Fusion MPT SPI Host driver 3.04.20
[    3.995840] AVX2 version of gcm_enc/dec engaged.
[    3.998570] AES CTR mode by8 optimization enabled
[    4.171278] input: ImExPS/2 Generic Explorer Mouse as /devices/platform/i8042/serio1/input/input4
[    4.814264] e1000 0000:00:03.0 eth0: (PCI:33MHz:32-bit) 02:cf:14:98:e9:22
[    4.818338] e1000 0000:00:03.0 eth0: Intel(R) PRO/1000 Network Connection
[    4.826516] mptbase: ioc0: Initiating bringup
[    4.830319] e1000 0000:00:03.0 enp0s3: renamed from eth0
[    4.938564] ioc0: LSI53C1030 A0: Capabilities={Initiator}
[    5.790960] scsi host2: ioc0: LSI53C1030 A0, FwRev=00000000h, Ports=1, MaxQ=256, IRQ=20
[    6.334743] scsi 2:0:0:0: Direct-Access     VBOX     HARDDISK         1.0  PQ: 0 ANSI: 5
[    6.368085] scsi target2:0:0: Beginning Domain Validation
[    6.374647] scsi target2:0:0: Domain Validation skipping write tests
[    6.378814] scsi target2:0:0: Ending Domain Validation
[    6.382350] scsi target2:0:0: asynchronous
[    6.386264] scsi 2:0:1:0: Direct-Access     VBOX     HARDDISK         1.0  PQ: 0 ANSI: 5
[    6.420762] scsi target2:0:1: Beginning Domain Validation
[    6.424163] random: fast init done
[    6.428858] scsi target2:0:1: Domain Validation skipping write tests
[    6.432698] scsi target2:0:1: Ending Domain Validation
[    6.438149] scsi target2:0:1: asynchronous
[    6.451505] random: systemd-udevd: uninitialized urandom read (16 bytes read)
[    6.451815] sd 2:0:0:0: Attached scsi generic sg0 type 0
[    6.455468] random: systemd-udevd: uninitialized urandom read (16 bytes read)
[    6.459039] sd 2:0:1:0: Attached scsi generic sg1 type 0
[    6.462374] random: systemd-udevd: uninitialized urandom read (16 bytes read)
[    6.470121] sd 2:0:0:0: [sda] 20971520 512-byte logical blocks: (10.7 GB/10.0 GiB)
[    6.475045] sd 2:0:1:0: [sdb] 20480 512-byte logical blocks: (10.5 MB/10.0 MiB)
[    6.476262] sd 2:0:0:0: [sda] Write Protect is off
[    6.482414] sd 2:0:1:0: [sdb] Write Protect is off
[    6.482648] sd 2:0:0:0: [sda] Incomplete mode parameter data
[    6.488468] sd 2:0:0:0: [sda] Assuming drive cache: write through
[    6.492594] sd 2:0:1:0: [sdb] Incomplete mode parameter data
[    6.496345] sd 2:0:1:0: [sdb] Assuming drive cache: write through
[    6.522702]  sda: sda1
[    6.530120] sd 2:0:0:0: [sda] Attached SCSI disk
[    6.555607] sd 2:0:1:0: [sdb] Attached SCSI disk
Begin: Loading essential drivers ... [    9.472749] raid6: sse2x1   gen()  1378 MB/s
[    9.520677] raid6: sse2x1   xor()   883 MB/s
[    9.568054] raid6: sse2x2   gen()  2341 MB/s
[    9.616327] raid6: sse2x2   xor()  1422 MB/s
[    9.664175] raid6: sse2x4   gen()  3299 MB/s
[    9.712904] raid6: sse2x4   xor()  1903 MB/s
[    9.760776] raid6: avx2x1   gen()  2580 MB/s
[    9.808606] raid6: avx2x1   xor()  1595 MB/s
[    9.856552] raid6: avx2x2   gen()  4969 MB/s
[    9.904263] raid6: avx2x2   xor()  2712 MB/s
[    9.952158] raid6: avx2x4   gen()  6479 MB/s
[   10.000962] raid6: avx2x4   xor()  3909 MB/s
[   10.003465] raid6: using algorithm avx2x4 gen() 6479 MB/s
[   10.006674] raid6: .... xor() 3909 MB/s, rmw enabled
[   10.009650] raid6: using avx2x2 recovery algorithm
[   10.016775] xor: automatically using best checksumming function   avx       
[   10.025549] async_tx: api initialized (async)
done.
Begin: Running /scripts/init-premount ... done.
Begin: Mounting root file system ... Begin: Running /scripts/local-top ... done.
Begin: Running /scripts/local-premount ... [   10.213273] Btrfs loaded, crc32c=crc32c-intel
Scanning for Btrfs filesystems
done.
Warning: fsck not present, so skipping root file system
[   10.307641] EXT4-fs (sda1): mounted filesystem with ordered data mode. Opts: (null)
done.
Begin: Running /scripts/local-bottom ... done.
Begin: Running /scripts/init-bottom ... done.
[   11.575656] ip_tables: (C) 2000-2006 Netfilter Core Team
[   11.681549] systemd[1]: systemd 237 running in system mode. (+PAM +AUDIT +SELINUX +IMA +APPARMOR +SMACK +SYSVINIT +UTMP +LIBCRYPTSETUP +GCRYPT +GNUTLS +ACL +XZ +LZ4 +SECCOMP +BLKID +ELFUTILS +KMOD -IDN2 +IDN -PCRE2 default-hierarchy=hybrid)
[   11.693931] systemd[1]: Detected virtualization oracle.
[   11.696921] systemd[1]: Detected architecture x86-64.

Welcome to [1mUbuntu 18.04.4 LTS[0m!

[   11.742253] systemd[1]: Set hostname to <ubuntu>.
[   11.810231] systemd[1]: Initializing machine ID from random generator.
[   11.814069] systemd[1]: Installed transient /etc/machine-id file.
[   12.220499] random: crng init done
[   12.222621] random: 7 urandom warning(s) missed due to ratelimiting
[   13.705921] systemd[1]: Created slice User and Session Slice.
[[0;32m  OK  [0m] Created slice User and Session Slice.
[   13.711871] systemd[1]: Reached target Swap.
[[0;32m  OK  [0m] Reached target Swap.
[   13.717090] systemd[1]: Set up automount Arbitrary Executable File Formats File System Automount Point.
[[0;32m  OK  [0m] Set up automount Arbitrary Executab…rmats File System Automount Point.
[   13.725932] systemd[1]: Reached target User and Group Name Lookups.
[[0;32m  OK  [0m] Reached target User and Group Name Lookups.
[[0;32m  OK  [0m] Reached target System Time Synchronized.
[[0;32m  OK  [0m] Started Forward Password Requests to Wall Directory Watch.
[[0;32m  OK  [0m] Created slice System Slice.
[[0;32m  OK  [0m] Listening on Device-mapper event daemon FIFOs.
[[0;32m  OK  [0m] Reached target Slices.
[[0;32m  OK  [0m] Listening on Syslog Socket.
[[0;32m  OK  [0m] Listening on Journal Socket.
         Starting Uncomplicated firewall...
         Starting Load Kernel Modules...
         Starting Create list of required st…ce nodes for the current kernel...
[[0;32m  OK  [0m] Listening on LVM2 poll daemon socket.
[[0;32m  OK  [0m] Listening on udev Control Socket.
[[0;32m  OK  [0m] Listening on Journal Socket (/dev/log).
         Starting Set the console keyboard layout...
[[0;32m  OK  [0m] Listening on LVM2 metadata daemon socket.
         Starting Monitoring of LVM2 mirrors…ng dmeventd or progress polling...
         Starting Remount Root and Kernel File Systems...
[[0;32m  OK  [0m] Created slice system-serial\x2dgetty.slice.
         Mounting POSIX Message Queue File System...
[[0;32m  OK  [0m] Listening on /dev/initctl Compatibility Named Pipe.
[[0;32m  OK  [0m] Listening on Network Service Netlink Socket.
         Mounting Huge Pages File System...
[[0;32m  OK  [0m] Listening on Journal Audit Socket.
         Starting Journal Service...
[[0;32m  OK  [0m] Listening on udev Kernel Socket.
         Starting udev Coldplug all Devices...
         Mounting Kernel Debug File System...
[   13.970788] Loading iSCSI transport class v2.0-870.
[[0;32m  OK  [0m] Started Uncomplicated firewall.
[[0;32m  OK  [0m] Started Create list of required sta…vice nodes for the current kernel.
         Starting Create Static Device Nodes in /dev...
[   14.341327] iscsi: registered transport (tcp)
[[0;32m  OK  [0m] Started udev Coldplug all Devices.
[[0;32m  OK  [0m] Mounted Kernel Debug File System.
[[0;32m  OK  [0m] Mounted POSIX Message Queue File System.
[[0;32m  OK  [0m] Mounted Huge Pages File System.
[[0;32m  OK  [0m] Started Journal Service.
[   14.694653] EXT4-fs (sda1): re-mounted. Opts: (null)
[[0;32m  OK  [0m] Started Remount Root and Kernel File Systems.
         Starting Load/Save Random Seed...
         Starting Flush Journal to Persistent Storage...
[[0;32m  OK  [0m] Started Create Static Device Nodes in /dev.
[[0;32m  OK  [0m] Started Load/Save Random Seed.
[[0;32m  OK  [0m] Started LVM2 metadata daemon.
         Starting udev Kernel Device Manager...
[   15.041296] systemd-journald[406]: Received request to flush runtime journal from PID 1
[   15.187685] iscsi: registered transport (iser)
[[0;32m  OK  [0m] Started Load Kernel Modules.
         Mounting Kernel Configuration File System...
         Starting Apply Kernel Variables...
         Mounting FUSE Control File System...
[[0;32m  OK  [0m] Mounted Kernel Configuration File System.
[[0;32m  OK  [0m] Mounted FUSE Control File System.
[[0;32m  OK  [0m] Started Monitoring of LVM2 mirrors,…sing dmeventd or progress polling.
[[0;32m  OK  [0m] Started Flush Journal to Persistent Storage.
[[0;32m  OK  [0m] Started udev Kernel Device Manager.
[[0;32m  OK  [0m] Started Apply Kernel Variables.
[[0;32m  OK  [0m] Found device /dev/ttyS0.
[[0;32m  OK  [0m] Listening on Load/Save RF Kill Switch Status /dev/rfkill Watch.
[[0;32m  OK  [0m] Started Set the console keyboard layout.
[[0;32m  OK  [0m] Started Dispatch Password Requests to Console Directory Watch.
[[0;32m  OK  [0m] Reached target Local Encrypted Volumes.
[[0;32m  OK  [0m] Reached target Local File Systems (Pre).
[[0;32m  OK  [0m] Reached target Local File Systems.
         Starting AppArmor initialization...
         Starting ebtables ruleset management...
         Starting Set console font and keymap...
         Starting Create Volatile Files and Directories...
         Starting Commit a transient machine-id on disk...
         Starting Tell Plymouth To Write Out Runtime Data...
[[0;32m  OK  [0m] Started Tell Plymouth To Write Out Runtime Data.
[[0;32m  OK  [0m] Started Set console font and keymap.
[[0;32m  OK  [0m] Started Create Volatile Files and Directories.
         Starting Update UTMP about System Boot/Shutdown...
[[0;32m  OK  [0m] Started Update UTMP about System Boot/Shutdown.
[[0;32m  OK  [0m] Started Commit a transient machine-id on disk.
[[0;32m  OK  [0m] Started ebtables ruleset management.
[[0;32m  OK  [0m] Started AppArmor initialization.
         Starting Initial cloud-init job (pre-networking)...
[   31.425599] cloud-init[657]: Cloud-init v. 19.4-33-gbb4131a2-0ubuntu1~18.04.1 running 'init-local' at Tue, 23 Jun 2020 17:44:14 +0000. Up 29.52 seconds.
[[0;32m  OK  [0m] Started Initial cloud-init job (pre-networking).
[[0;32m  OK  [0m] Reached target Network (Pre).
         Starting Network Service...
[[0;32m  OK  [0m] Started Network Service.
         Starting Network Name Resolution...
         Starting Wait for Network to be Configured...
[[0;32m  OK  [0m] Started Network Name Resolution.
[[0;32m  OK  [0m] Reached target Network.
[[0;32m  OK  [0m] Reached target Host and Network Name Lookups.
[[0;32m  OK  [0m] Started Wait for Network to be Configured.
         Starting Initial cloud-init job (metadata service crawler)...
[   35.845615] cloud-init[773]: Cloud-init v. 19.4-33-gbb4131a2-0ubuntu1~18.04.1 running 'init' at Tue, 23 Jun 2020 17:44:20 +0000. Up 35.20 seconds.
[   35.850188] cloud-init[773]: ci-info: ++++++++++++++++++++++++++++++++++++++Net device info++++++++++++++++++++++++++++++++++++++
[   35.854149] cloud-init[773]: ci-info: +--------+------+----------------------------+---------------+--------+-------------------+
[   35.857946] cloud-init[773]: ci-info: | Device |  Up  |          Address           |      Mask     | Scope  |     Hw-Address    |
[   35.862506] cloud-init[773]: ci-info: +--------+------+----------------------------+---------------+--------+-------------------+
[   35.866813] cloud-init[773]: ci-info: | enp0s3 | True |         10.0.2.15          | 255.255.255.0 | global | 02:cf:14:98:e9:22 |
[   35.871027] cloud-init[773]: ci-info: | enp0s3 | True | fe80::cf:14ff:fe98:e922/64 |       .       |  link  | 02:cf:14:98:e9:22 |
[   35.874876] cloud-init[773]: ci-info: |   lo   | True |         127.0.0.1          |   255.0.0.0   |  host  |         .         |
[   35.878705] cloud-init[773]: ci-info: |   lo   | True |          ::1/128           |       .       |  host  |         .         |
[   35.882656] cloud-init[773]: ci-info: +--------+------+----------------------------+---------------+--------+-------------------+
[   35.886448] cloud-init[773]: ci-info: ++++++++++++++++++++++++++++Route IPv4 info+++++++++++++++++++++++++++++
[   35.889749] cloud-init[773]: ci-info: +-------+-------------+----------+-----------------+-----------+-------+
[   35.893085] cloud-init[773]: ci-info: | Route | Destination | Gateway  |     Genmask     | Interface | Flags |
[   35.896471] cloud-init[773]: ci-info: +-------+-------------+----------+-----------------+-----------+-------+
[   35.899941] cloud-init[773]: ci-info: |   0   |   0.0.0.0   | 10.0.2.2 |     0.0.0.0     |   enp0s3  |   UG  |
[   35.903462] cloud-init[773]: ci-info: |   1   |   10.0.2.0  | 0.0.0.0  |  255.255.255.0  |   enp0s3  |   U   |
[   35.906941] cloud-init[773]: ci-info: |   2   |   10.0.2.2  | 0.0.0.0  | 255.255.255.255 |   enp0s3  |   UH  |
[   35.911176] cloud-init[773]: ci-info: +-------+-------------+----------+-----------------+-----------+-------+
[   35.914531] cloud-init[773]: ci-info: +++++++++++++++++++Route IPv6 info+++++++++++++++++++
[   35.917486] cloud-init[773]: ci-info: +-------+-------------+---------+-----------+-------+
[   35.920721] cloud-init[773]: ci-info: | Route | Destination | Gateway | Interface | Flags |
[   35.923378] cloud-init[773]: ci-info: +-------+-------------+---------+-----------+-------+
[   35.926347] cloud-init[773]: ci-info: |   1   |  fe80::/64  |    ::   |   enp0s3  |   U   |
[   35.929290] cloud-init[773]: ci-info: |   3   |    local    |    ::   |   enp0s3  |   U   |
[   35.940487] cloud-init[773]: ci-info: |   4   |   ff00::/8  |    ::   |   enp0s3  |   U   |
[   35.943672] cloud-init[773]: ci-info: +-------+-------------+---------+-----------+-------+
[   38.012674] cloud-init[773]: Generating public/private rsa key pair.
[   38.015097] cloud-init[773]: Your identification has been saved in /etc/ssh/ssh_host_rsa_key.
[   38.018197] cloud-init[773]: Your public key has been saved in /etc/ssh/ssh_host_rsa_key.pub.
[   38.021524] cloud-init[773]: The key fingerprint is:
[   38.023332] cloud-init[773]: SHA256:q00JI5PuAKswQxVkQX8qifpqJ9e0MnW3O6oVzdH4W8g root@ubuntu-bionic
[   38.026470] cloud-init[773]: The key's randomart image is:
[   38.028671] cloud-init[773]: +---[RSA 2048]----+
[   38.030427] cloud-init[773]: |  o*.            |
[   38.032247] cloud-init[773]: |  . o     o      |
[   38.034201] cloud-init[773]: |   . . . o .     |
[   38.035639] cloud-init[773]: |  o ..o o + .    |
[   38.037531] cloud-init[773]: |.o o+.o.So E .   |
[   38.038956] cloud-init[773]: |oo ..= +.+  o    |
[   38.040910] cloud-init[773]: |* . = o.= ..     |
[   38.042585] cloud-init[773]: |o* B o.+ o       |
[   38.044319] cloud-init[773]: |+.= +.o.o.o      |
[   38.057254] cloud-init[773]: +----[SHA256]-----+
[   38.059598] cloud-init[773]: Generating public/private dsa key pair.
[   38.061896] cloud-init[773]: Your identification has been saved in /etc/ssh/ssh_host_dsa_key.
[   38.064997] cloud-init[773]: Your public key has been saved in /etc/ssh/ssh_host_dsa_key.pub.
[   38.068122] cloud-init[773]: The key fingerprint is:
[   38.070214] cloud-init[773]: SHA256:x3vBFUnm9/qVISksdrLOWK3NwuxuyrCVRSJnUv0ERcE root@ubuntu-bionic
[   38.073330] cloud-init[773]: The key's randomart image is:
[   38.075371] cloud-init[773]: +---[DSA 1024]----+
[   38.077361] cloud-init[773]: |       ...=+..+. |
[   38.079327] cloud-init[773]: |      .  . E o.. |
[   38.081175] cloud-init[773]: |     o + .o   o .|
[   38.083102] cloud-init[773]: |      = o..o ....|
[   38.085216] cloud-init[773]: |        S=o+oo ..|
[   38.097064] cloud-init[773]: |        +.*.....o|
[   38.098826] cloud-init[773]: |     . ooo... ...|
[   38.100844] cloud-init[773]: |      = ==+.   ..|
[   38.102355] cloud-init[773]: |     . +=*.o    .|
[   38.106350] cloud-init[773]: +----[SHA256]-----+
[   38.109737] cloud-init[773]: Generating public/private ecdsa key pair.
[   38.112130] cloud-init[773]: Your identification has been saved in /etc/ssh/ssh_host_ecdsa_key.
[   38.115225] cloud-init[773]: Your public key has been saved in /etc/ssh/ssh_host_ecdsa_key.pub.
[   38.118538] cloud-init[773]: The key fingerprint is:
[   38.120659] cloud-init[773]: SHA256:hehEEuY3E0Dtf9LhRjPSsLu0jPkEj8ClXnKf1ttIn8U root@ubuntu-bionic
[   38.125819] cloud-init[773]: The key's randomart image is:
[   38.127785] cloud-init[773]: +---[ECDSA 256]---+
[   38.129477] cloud-init[773]: |   .*+o          |
[   38.131293] cloud-init[773]: |   o o.o..       |
[   38.133172] cloud-init[773]: |    ..B .+.      |
[   38.134985] cloud-init[773]: |   . *.oo.*      |
[   38.136748] cloud-init[773]: |    = =.S* +     |
[   38.138441] cloud-init[773]: |   . = ==o=  .   |
[   38.140410] cloud-init[773]: |    . .=**o   E  |
[   38.142203] cloud-init[773]: |      oo+. = o   |
[   38.143919] cloud-init[773]: |       .. o +    |
[   38.145770] cloud-init[773]: +----[SHA256]-----+
[   38.147588] cloud-init[773]: Generating public/private ed25519 key pair.
[   38.150304] cloud-init[773]: Your identification has been saved in /etc/ssh/ssh_host_ed25519_key.
[   38.153913] cloud-init[773]: Your public key has been saved in /etc/ssh/ssh_host_ed25519_key.pub.
[   38.157478] cloud-init[773]: The key fingerprint is:
[   38.159992] cloud-init[773]: SHA256:p/d3H3eDNJzXeEPLR+0buiKT8wPSxewx1NtQg7sOqHU root@ubuntu-bionic
[   38.163291] cloud-init[773]: The key's randomart image is:
[   38.165422] cloud-init[773]: +--[ED25519 256]--+
[   38.167231] cloud-init[773]: |            . oo |
[   38.169132] cloud-init[773]: |           . +  o|
[   38.170857] cloud-init[773]: |          +   =.o|
[   38.172780] cloud-init[773]: |           *.o+=o|
[   38.174534] cloud-init[773]: |        S = o=o*=|
[   38.176295] cloud-init[773]: |       . B E..=.=|
[   38.177944] cloud-init[773]: |        = = oo +o|
[   38.179743] cloud-init[773]: |       . * + .o *|
[   38.181591] cloud-init[773]: |          =.+o .o|
[   38.183330] cloud-init[773]: +----[SHA256]-----+
[[0;32m  OK  [0m] Started Initial cloud-init job (metadata service crawler).
[[0;32m  OK  [0m] Reached target System Initialization.
[[0;32m  OK  [0m] Started Daily Cleanup of Temporary Directories.
[[0;32m  OK  [0m] Listening on UUID daemon activation socket.
[[0;32m  OK  [0m] Started Daily apt download activities.
[[0;32m  OK  [0m] Started Daily apt upgrade and clean activities.
         Starting Socket activation for snappy daemon.
[[0;32m  OK  [0m] Started Message of the Day.
[[0;32m  OK  [0m] Started ACPI Events Check.
[[0;32m  OK  [0m] Reached target Paths.
[[0;32m  OK  [0m] Started Discard unused blocks once a week.
[[0;32m  OK  [0m] Reached target Timers.
[[0;32m  OK  [0m] Listening on Open-iSCSI iscsid Socket.
[[0;32m  OK  [0m] Listening on D-Bus System Message Bus Socket.
         Starting LXD - unix socket.
[[0;32m  OK  [0m] Listening on ACPID Listen Socket.
[[0;32m  OK  [0m] Reached target Network is Online.
[[0;32m  OK  [0m] Reached target Remote File Systems (Pre).
[[0;32m  OK  [0m] Reached target Remote File Systems.
         Starting Availability of block devices...
[[0;32m  OK  [0m] Reached target Cloud-config availability.
[[0;32m  OK  [0m] Listening on Socket activation for snappy daemon.
[[0;32m  OK  [0m] Listening on LXD - unix socket.
[[0;32m  OK  [0m] Reached target Sockets.
[[0;32m  OK  [0m] Reached target Basic System.
         Starting Permit User Sessions...
         Starting Login Service...
         Starting LSB: Record successful boot for GRUB...
         Starting System Logging Service...
[[0;32m  OK  [0m] Started irqbalance daemon.
         Starting LSB: automatic crash report generation...
[[0;32m  OK  [0m] Started Regular background program processing daemon.
         Starting Snappy daemon...
         Starting LXD - container startup/shutdown...
[[0;32m  OK  [0m] Started Deferred execution scheduler.
[[0;32m  OK  [0m] Started FUSE filesystem for LXC.
         Starting Virtualbox guest utils...
         Starting Dispatcher daemon for systemd-networkd...
         Starting Pollinate to seed the pseudo random number generator...
[[0;32m  OK  [0m] Started D-Bus System Message Bus.
[[0;32m  OK  [0m] Started Login Service.
[[0;32m  OK  [0m] Started Unattended Upgrades Shutdown.
         Starting Accounts Service...
[[0;32m  OK  [0m] Started System Logging Service.
[[0;32m  OK  [0m] Started Availability of block devices.
[[0;32m  OK  [0m] Started Permit User Sessions.
         Starting Terminate Plymouth Boot Screen...
         Starting Hold until boot process finishes up...
[[0;32m  OK  [0m] Started Hold until boot process finishes up.
[[0;32m  OK  [0m] Started Serial Getty on ttyS0.
         Starting Set console scheme...
[[0;32m  OK  [0m] Started Terminate Plymouth Boot Screen.
[[0;32m  OK  [0m] Started Set console scheme.
[[0;32m  OK  [0m] Created slice system-getty.slice.
[[0;32m  OK  [0m] Started Getty on tty1.
[[0;32m  OK  [0m] Reached target Login Prompts.
[[0;32m  OK  [0m] Started LSB: automatic crash report generation.
[[0;32m  OK  [0m] Started LSB: Record successful boot for GRUB.
         Starting Authorization Manager...
[[0;32m  OK  [0m] Started Authorization Manager.
[[0;32m  OK  [0m] Started Accounts Service.
[[0;32m  OK  [0m] Started Virtualbox guest utils.
[[0;32m  OK  [0m] Started Dispatcher daemon for systemd-networkd.
[[0;32m  OK  [0m] Started LXD - container startup/shutdown.
[[0;32m  OK  [0m] Started Snappy daemon.
         Starting Wait until snapd is fully seeded...

Ubuntu 18.04.4 LTS ubuntu-bionic ttyS0

ubuntu-bionic login: [   54.437328] cloud-init[1393]: Cloud-init v. 19.4-33-gbb4131a2-0ubuntu1~18.04.1 running 'modules:config' at Tue, 23 Jun 2020 17:44:36 +0000. Up 51.03 seconds.
ci-info: no authorized SSH keys fingerprints found for user ubuntu.
<14>Jun 23 17:44:42 ec2: 
<14>Jun 23 17:44:42 ec2: #############################################################
<14>Jun 23 17:44:42 ec2: -----BEGIN SSH HOST KEY FINGERPRINTS-----
<14>Jun 23 17:44:42 ec2: 1024 SHA256:x3vBFUnm9/qVISksdrLOWK3NwuxuyrCVRSJnUv0ERcE root@ubuntu-bionic (DSA)
<14>Jun 23 17:44:42 ec2: 256 SHA256:hehEEuY3E0Dtf9LhRjPSsLu0jPkEj8ClXnKf1ttIn8U root@ubuntu-bionic (ECDSA)
<14>Jun 23 17:44:42 ec2: 256 SHA256:p/d3H3eDNJzXeEPLR+0buiKT8wPSxewx1NtQg7sOqHU root@ubuntu-bionic (ED25519)
<14>Jun 23 17:44:42 ec2: 2048 SHA256:q00JI5PuAKswQxVkQX8qifpqJ9e0MnW3O6oVzdH4W8g root@ubuntu-bionic (RSA)
<14>Jun 23 17:44:42 ec2: -----END SSH HOST KEY FINGERPRINTS-----
<14>Jun 23 17:44:42 ec2: #############################################################
-----BEGIN SSH HOST KEY KEYS-----
ecdsa-sha2-nistp256 AAAAE2VjZHNhLXNoYTItbmlzdHAyNTYAAAAIbmlzdHAyNTYAAABBBIL1e02pdV4Ts3w9h8G3h2hwqz4HOfnCIYLNMun/VjWCctWxRoyehab4yxM+Kx5E0AT4e2JoS/7DXJRuZsP8gy8= root@ubuntu-bionic
ssh-ed25519 AAAAC3NzaC1lZDI1NTE5AAAAIGCJsqCNP6snkL35T6TUk2Hqa9Kf93h8/ZlWpYUNGt9v root@ubuntu-bionic
ssh-rsa AAAAB3NzaC1yc2EAAAADAQABAAABAQDdtbIumR4pOvpPSlOR4ZE20iym83rMy9q+EmcnrW8+DHOBoIOwhMa8BFxtC9JHo/ms2+ITQ0leNXM+nHAQHwJ3TOo6InR6vtNDqiTuMq/8qoy+NqjTzfY7ADL6nPQdxqpGvuIor03aaTFcxxGSAqnvTqHZh1W9ZQM4ar34rRY/N9zXCx1UKrQ5F4Ob8RGuReqIPHpze7oHpPZZxGEl+F4RhPTl0VQzVSSQ6M6zjbuIdBZqWbSrjwZGp77X6PjYlNOT8yLvQkRoOPVPOb0/19ggVri+kg+9xfuGiZECBLiJLyIAoUZj3H1r+hwo64zoyTRMLhaiIFqQfHLYdV2Orbm7 root@ubuntu-bionic
-----END SSH HOST KEY KEYS-----
[   57.207524] cloud-init[1533]: Cloud-init v. 19.4-33-gbb4131a2-0ubuntu1~18.04.1 running 'modules:final' at Tue, 23 Jun 2020 17:44:41 +0000. Up 56.50 seconds.
[   57.220850] cloud-init[1533]: ci-info: no authorized SSH keys fingerprints found for user ubuntu.
[   57.221099] cloud-init[1533]: Cloud-init v. 19.4-33-gbb4131a2-0ubuntu1~18.04.1 finished at Tue, 23 Jun 2020 17:44:42 +0000. Datasource DataSourceNoCloud [seed=/dev/sdb][dsmode=net].  Up 57.16 seconds
